0 info it worked if it ends with ok
1 verbose cli [ 'node', '/usr/local/bin/npm', 'install', 'augular-bootstrap' ]
2 info using npm@1.4.28
3 info using node@v0.10.33
4 warn package.json nodeWeb@0.0.1 No description
5 warn package.json nodeWeb@0.0.1 No repository field.
6 warn package.json nodeWeb@0.0.1 No README data
7 warn package.json express-messages@0.0.2 No repository field.
8 verbose readDependencies using package.json deps
9 verbose cache add [ 'augular-bootstrap', null ]
10 verbose cache add name=undefined spec="augular-bootstrap" args=["augular-bootstrap",null]
11 verbose parsed url { protocol: null,
11 verbose parsed url   slashes: null,
11 verbose parsed url   auth: null,
11 verbose parsed url   host: null,
11 verbose parsed url   port: null,
11 verbose parsed url   hostname: null,
11 verbose parsed url   hash: null,
11 verbose parsed url   search: null,
11 verbose parsed url   query: null,
11 verbose parsed url   pathname: 'augular-bootstrap',
11 verbose parsed url   path: 'augular-bootstrap',
11 verbose parsed url   href: 'augular-bootstrap' }
12 silly lockFile 1b5f5333-augular-bootstrap augular-bootstrap
13 verbose lock augular-bootstrap /Users/bobo/.npm/1b5f5333-augular-bootstrap.lock
14 silly lockFile 1b5f5333-augular-bootstrap augular-bootstrap
15 silly lockFile 1b5f5333-augular-bootstrap augular-bootstrap
16 verbose addNamed [ 'augular-bootstrap', '' ]
17 verbose addNamed [ null, '*' ]
18 silly lockFile 4a8a9c4f-augular-bootstrap augular-bootstrap@
19 verbose lock augular-bootstrap@ /Users/bobo/.npm/4a8a9c4f-augular-bootstrap.lock
20 silly addNameRange { name: 'augular-bootstrap', range: '*', hasData: false }
21 verbose request where is /augular-bootstrap
22 verbose request registry https://registry.npmjs.org/
23 verbose request id 2a0a26ba0096a918
24 verbose url raw /augular-bootstrap
25 verbose url resolving [ 'https://registry.npmjs.org/', './augular-bootstrap' ]
26 verbose url resolved https://registry.npmjs.org/augular-bootstrap
27 verbose request where is https://registry.npmjs.org/augular-bootstrap
28 info trying registry request attempt 1 at 23:12:33
29 http GET https://registry.npmjs.org/augular-bootstrap
30 http 404 https://registry.npmjs.org/augular-bootstrap
31 verbose headers { date: 'Sun, 11 Jan 2015 15:12:33 GMT',
31 verbose headers   server: 'CouchDB/1.5.0 (Erlang OTP/R14B04)',
31 verbose headers   'content-type': 'application/json',
31 verbose headers   'cache-control': 'max-age=0',
31 verbose headers   'content-length': '52',
31 verbose headers   'accept-ranges': 'bytes',
31 verbose headers   via: '1.1 varnish',
31 verbose headers   age: '0',
31 verbose headers   'x-served-by': 'cache-ty66-TYO',
31 verbose headers   'x-cache': 'MISS',
31 verbose headers   'x-cache-hits': '0',
31 verbose headers   'x-timer': 'S1420989153.671943,VS0,VE191',
31 verbose headers   'keep-alive': 'timeout=10, max=50',
31 verbose headers   connection: 'Keep-Alive' }
32 silly registry.get cb [ 404,
32 silly registry.get   { date: 'Sun, 11 Jan 2015 15:12:33 GMT',
32 silly registry.get     server: 'CouchDB/1.5.0 (Erlang OTP/R14B04)',
32 silly registry.get     'content-type': 'application/json',
32 silly registry.get     'cache-control': 'max-age=0',
32 silly registry.get     'content-length': '52',
32 silly registry.get     'accept-ranges': 'bytes',
32 silly registry.get     via: '1.1 varnish',
32 silly registry.get     age: '0',
32 silly registry.get     'x-served-by': 'cache-ty66-TYO',
32 silly registry.get     'x-cache': 'MISS',
32 silly registry.get     'x-cache-hits': '0',
32 silly registry.get     'x-timer': 'S1420989153.671943,VS0,VE191',
32 silly registry.get     'keep-alive': 'timeout=10, max=50',
32 silly registry.get     connection: 'Keep-Alive' } ]
33 silly lockFile 4a8a9c4f-augular-bootstrap augular-bootstrap@
34 silly lockFile 4a8a9c4f-augular-bootstrap augular-bootstrap@
35 error 404 404 Not Found: augular-bootstrap
35 error 404
35 error 404 'augular-bootstrap' is not in the npm registry.
35 error 404 You should bug the author to publish it
35 error 404 It was specified as a dependency of 'nodeWeb'
35 error 404
35 error 404 Note that you can also install from a
35 error 404 tarball, folder, or http url, or git url.
36 error System Darwin 14.0.0
37 error command "node" "/usr/local/bin/npm" "install" "augular-bootstrap"
38 error cwd /Users/bobo/Documents/评论50%/fe-node
39 error node -v v0.10.33
40 error npm -v 1.4.28
41 error code E404
42 verbose exit [ 1, true ]
